<?xml version="1.0" encoding="UTF-8"?>
<!-- Generated by org.testng.reporters.JUnitXMLReporter -->
<testsuite ignored="3" hostname="DESKTOP-UA1CCT0" failures="0" tests="1" name="Default test" time="5.789" errors="0" timestamp="2022-08-11T14:59:29 IST">
  <testcase classname="test.LoginPageTest" name="verifyKiteLogoTest" time="0.082"/>
  <testcase classname="test.LoginPageTest" name="verifyTitleTest" time="0.0">
    <ignored/>
  </testcase> <!-- verifyTitleTest -->
  <testcase classname="test.LoginPageTest" name="LoginAccountTest" time="0.0">
    <ignored/>
  </testcase> <!-- LoginAccountTest -->
  <testcase classname="test.LoginPageTest" name="verifyZerodhaLogoTest" time="0.0">
    <ignored/>
  </testcase> <!-- verifyZerodhaLogoTest -->
</testsuite> <!-- Default test -->
