<?xml version="1.0" encoding="UTF-8"?>
<testng-results ignored="3" total="4" passed="1" failed="0" skipped="0">
  <reporter-output>
  </reporter-output>
  <suite started-at="2022-08-11T14:59:23 IST" name="Default suite" finished-at="2022-08-11T14:59:29 IST" duration-ms="5789">
    <groups>
    </groups>
    <test started-at="2022-08-11T14:59:23 IST" name="Default test" finished-at="2022-08-11T14:59:29 IST" duration-ms="5789">
      <class name="test.LoginPageTest">
        <test-method is-config="true" signature="setUp()[pri:0, instance:test.LoginPageTest@55a147cc]" started-at="2022-08-11T14:59:23 IST" name="setUp" finished-at="2022-08-11T14:59:29 IST" duration-ms="5612" status="PASS">
          <reporter-output>
          </reporter-output>
        </test-method> <!-- setUp -->
        <test-method signature="verifyKiteLogoTest()[pri:0, instance:test.LoginPageTest@55a147cc]" started-at="2022-08-11T14:59:29 IST" name="verifyKiteLogoTest" finished-at="2022-08-11T14:59:29 IST" duration-ms="82" status="PASS">
          <reporter-output>
          </reporter-output>
        </test-method> <!-- verifyKiteLogoTest -->
      </class> <!-- test.LoginPageTest -->
    </test> <!-- Default test -->
  </suite> <!-- Default suite -->
</testng-results>
